# JRE version: OpenJDK Runtime Environment Temurin-17.0.1+12 (17.0.1+12) (build 17.0.1+12)
# Java VM: OpenJDK 64-Bit Server VM Temurin-17.0.1+12 (17.0.1+12, mixed mode, tiered, compressed oops, compressed class ptrs, parallel gc, linux-amd64)
GC Precious Log:
 CPUs: 4 total, 4 available
 Memory: 7865M
 Large Page Support: Disabled
 NUMA Support: Disabled
 Compressed Oops: Enabled (Zero based)
 Alignments: Space 512K, Generation 512K, Heap 2M
 Heap Min Capacity: 100M
 Heap Initial Capacity: 100M
 Heap Max Capacity: 4G
 Pre-touch: Disabled
 Parallel Workers: 4
Heap:
 PSYoungGen      total 5120K, used 3988K [0x00000007aab00000, 0x00000007ab200000, 0x0000000800000000)
  eden space 4096K, 80% used [0x00000007aab00000,0x00000007aae3d3f8,0x00000007aaf00000)
  from space 1024K, 65% used [0x00000007aaf00000,0x00000007aafa8000,0x00000007ab000000)
  to   space 1024K, 0% used [0x00000007ab100000,0x00000007ab100000,0x00000007ab200000)
 ParOldGen       total 138752K, used 106561K [0x0000000700000000, 0x0000000708780000, 0x00000007aab00000)
  object space 138752K, 76% used [0x0000000700000000,0x0000000706810708,0x0000000708780000)
 Metaspace       used 82691K, committed 83776K, reserved 1130496K
  class space    used 8456K, committed 8960K, reserved 1048576K
GC Heap History (20 events):
Event: 932.796 GC heap before
{Heap before GC invocations=3234 (full 88):
 PSYoungGen      total 2560K, used 2557K [0x00000007aab00000, 0x00000007ab700000, 0x0000000800000000)
  eden space 512K, 99% used [0x00000007aab00000,0x00000007aab7fff0,0x00000007aab80000)
  from space 2048K, 99% used [0x00000007ab000000,0x00000007ab1ff488,0x00000007ab200000)
  to   space 4608K, 0% used [0x00000007aab80000,0x00000007aab80000,0x00000007ab000000)
 ParOldGen       total 132096K, used 126768K [0x0000000700000000, 0x0000000708100000, 0x00000007aab00000)
  object space 132096K, 95% used [0x0000000700000000,0x0000000707bcc1c8,0x0000000708100000)
 Metaspace       used 82662K, committed 83712K, reserved 1130496K
  class space    used 8455K, committed 8960K, reserved 1048576K
}
Event: 932.799 GC heap after
{Heap after GC invocations=3234 (full 88):
 PSYoungGen      total 1024K, used 448K [0x00000007aab00000, 0x00000007ab080000, 0x0000000800000000)
  eden space 512K, 0% used [0x00000007aab00000,0x00000007aab00000,0x00000007aab80000)
  from space 512K, 87% used [0x00000007aab80000,0x00000007aabf0000,0x00000007aac00000)
  to   space 2048K, 0% used [0x00000007aae80000,0x00000007aae80000,0x00000007ab080000)
 ParOldGen       total 132096K, used 128845K [0x0000000700000000, 0x0000000708100000, 0x00000007aab00000)
  object space 132096K, 97% used [0x0000000700000000,0x0000000707dd36c0,0x0000000708100000)
 Metaspace       used 82662K, committed 83712K, reserved 1130496K
  class space    used 8455K, committed 8960K, reserved 1048576K
}
Event: 932.800 GC heap before
{Heap before GC invocations=3235 (full 88):
 PSYoungGen      total 1024K, used 959K [0x00000007aab00000, 0x00000007ab080000, 0x0000000800000000)
  eden space 512K, 99% used [0x00000007aab00000,0x00000007aab7ffc0,0x00000007aab80000)
  from space 512K, 87% used [0x00000007aab80000,0x00000007aabf0000,0x00000007aac00000)
  to   space 2048K, 0% used [0x00000007aae80000,0x00000007aae80000,0x00000007ab080000)
 ParOldGen       total 132096K, used 128845K [0x0000000700000000, 0x0000000708100000, 0x00000007aab00000)
  object space 132096K, 97% used [0x0000000700000000,0x0000000707dd36c0,0x0000000708100000)
 Metaspace       used 82663K, committed 83712K, reserved 1130496K
  class space    used 8455K, committed 8960K, reserved 1048576K
}
Event: 932.802 GC heap after
{Heap after GC invocations=3235 (full 88):
 PSYoungGen      total 1536K, used 512K [0x00000007aab00000, 0x00000007aaf00000, 0x0000000800000000)
  eden space 1024K, 0% used [0x00000007aab00000,0x00000007aab00000,0x00000007aac00000)
  from space 512K, 100% used [0x00000007aae80000,0x00000007aaf00000,0x00000007aaf00000)
  to   space 1024K, 0% used [0x00000007aad00000,0x00000007aad00000,0x00000007aae00000)
 ParOldGen       total 132096K, used 129277K [0x0000000700000000, 0x0000000708100000, 0x00000007aab00000)
  object space 132096K, 97% used [0x0000000700000000,0x0000000707e3f6c0,0x0000000708100000)
 Metaspace       used 82663K, committed 83712K, reserved 1130496K
  class space    used 8455K, committed 8960K, reserved 1048576K
}
Event: 932.806 GC heap before
{Heap before GC invocations=3236 (full 88):
 PSYoungGen      total 1536K, used 1536K [0x00000007aab00000, 0x00000007aaf00000, 0x0000000800000000)
  eden space 1024K, 100% used [0x00000007aab00000,0x00000007aac00000,0x00000007aac00000)
  from space 512K, 100% used [0x00000007aae80000,0x00000007aaf00000,0x00000007aaf00000)
  to   space 1024K, 0% used [0x00000007aad00000,0x00000007aad00000,0x00000007aae00000)
 ParOldGen       total 132096K, used 129277K [0x0000000700000000, 0x0000000708100000, 0x00000007aab00000)
  object space 132096K, 97% used [0x0000000700000000,0x0000000707e3f6c0,0x0000000708100000)
 Metaspace       used 82663K, committed 83712K, reserved 1130496K
  class space    used 8455K, committed 8960K, reserved 1048576K
}
Event: 932.808 GC heap after
{Heap after GC invocations=3236 (full 88):
 PSYoungGen      total 2560K, used 1024K [0x00000007aab00000, 0x00000007ab080000, 0x0000000800000000)
  eden space 1536K, 0% used [0x00000007aab00000,0x00000007aab00000,0x00000007aac80000)
  from space 1024K, 100% used [0x00000007aad00000,0x00000007aae00000,0x00000007aae00000)
  to   space 2048K, 0% used [0x00000007aae80000,0x00000007aae80000,0x00000007ab080000)
 ParOldGen       total 132096K, used 129749K [0x0000000700000000, 0x0000000708100000, 0x00000007aab00000)
  object space 132096K, 98% used [0x0000000700000000,0x0000000707eb56c0,0x0000000708100000)
 Metaspace       used 82663K, committed 83712K, reserved 1130496K
  class space    used 8455K, committed 8960K, reserved 1048576K
}
Event: 932.813 GC heap before
{Heap before GC invocations=3237 (full 88):
 PSYoungGen      total 2560K, used 2560K [0x00000007aab00000, 0x00000007ab080000, 0x0000000800000000)
  eden space 1536K, 100% used [0x00000007aab00000,0x00000007aac80000,0x00000007aac80000)
  from space 1024K, 100% used [0x00000007aad00000,0x00000007aae00000,0x00000007aae00000)
  to   space 2048K, 0% used [0x00000007aae80000,0x00000007aae80000,0x00000007ab080000)
 ParOldGen       total 132096K, used 129749K [0x0000000700000000, 0x0000000708100000, 0x00000007aab00000)
  object space 132096K, 98% used [0x0000000700000000,0x0000000707eb56c0,0x0000000708100000)
 Metaspace       used 82663K, committed 83712K, reserved 1130496K
  class space    used 8455K, committed 8960K, reserved 1048576K
}
Event: 932.815 GC heap after
{Heap after GC invocations=3237 (full 88):
 PSYoungGen      total 3584K, used 1568K [0x00000007aab00000, 0x00000007ab100000, 0x0000000800000000)
  eden space 1536K, 0% used [0x00000007aab00000,0x00000007aab00000,0x00000007aac80000)
  from space 2048K, 76% used [0x00000007aae80000,0x00000007ab008000,0x00000007ab080000)
  to   space 2048K, 0% used [0x00000007aac80000,0x00000007aac80000,0x00000007aae80000)
 ParOldGen       total 132096K, used 130749K [0x0000000700000000, 0x0000000708100000, 0x00000007aab00000)
  object space 132096K, 98% used [0x0000000700000000,0x0000000707faf6c0,0x0000000708100000)
 Metaspace       used 82663K, committed 83712K, reserved 1130496K
  class space    used 8455K, committed 8960K, reserved 1048576K
}
Event: 932.821 GC heap before
{Heap before GC invocations=3238 (full 88):
 PSYoungGen      total 3584K, used 3103K [0x00000007aab00000, 0x00000007ab100000, 0x0000000800000000)
  eden space 1536K, 99% used [0x00000007aab00000,0x00000007aac7ffe8,0x00000007aac80000)
  from space 2048K, 76% used [0x00000007aae80000,0x00000007ab008000,0x00000007ab080000)
  to   space 2048K, 0% used [0x00000007aac80000,0x00000007aac80000,0x00000007aae80000)
 ParOldGen       total 132096K, used 130749K [0x0000000700000000, 0x0000000708100000, 0x00000007aab00000)
  object space 132096K, 98% used [0x0000000700000000,0x0000000707faf6c0,0x0000000708100000)
 Metaspace       used 82664K, committed 83712K, reserved 1130496K
  class space    used 8455K, committed 8960K, reserved 1048576K
}
Event: 932.826 GC heap after
{Heap after GC invocations=3238 (full 88):
 PSYoungGen      total 3584K, used 1504K [0x00000007aab00000, 0x00000007ab000000, 0x0000000800000000)
  eden space 1536K, 0% used [0x00000007aab00000,0x00000007aab00000,0x00000007aac80000)
  from space 2048K, 73% used [0x00000007aac80000,0x00000007aadf8000,0x00000007aae80000)
  to   space 1536K, 0% used [0x00000007aae80000,0x00000007aae80000,0x00000007ab000000)
 ParOldGen       total 132608K, used 132283K [0x0000000700000000, 0x0000000708180000, 0x00000007aab00000)
  object space 132608K, 99% used [0x0000000700000000,0x000000070812eee8,0x0000000708180000)
 Metaspace       used 82664K, committed 83712K, reserved 1130496K
  class space    used 8455K, committed 8960K, reserved 1048576K
}
Event: 932.826 GC heap before
{Heap before GC invocations=3239 (full 89):
 PSYoungGen      total 3584K, used 1504K [0x00000007aab00000, 0x00000007ab000000, 0x0000000800000000)
  eden space 1536K, 0% used [0x00000007aab00000,0x00000007aab00000,0x00000007aac80000)
  from space 2048K, 73% used [0x00000007aac80000,0x00000007aadf8000,0x00000007aae80000)
  to   space 1536K, 0% used [0x00000007aae80000,0x00000007aae80000,0x00000007ab000000)
 ParOldGen       total 132608K, used 132283K [0x0000000700000000, 0x0000000708180000, 0x00000007aab00000)
  object space 132608K, 99% used [0x0000000700000000,0x000000070812eee8,0x0000000708180000)
 Metaspace       used 82664K, committed 83712K, reserved 1130496K
  class space    used 8455K, committed 8960K, reserved 1048576K
}
Event: 932.927 GC heap after
{Heap after GC invocations=3239 (full 89):
 PSYoungGen      total 3584K, used 0K [0x00000007aab00000, 0x00000007ab000000, 0x0000000800000000)
  eden space 2048K, 0% used [0x00000007aab00000,0x00000007aab00000,0x00000007aad00000)
  from space 1536K, 0% used [0x00000007aae80000,0x00000007aae80000,0x00000007ab000000)
  to   space 1536K, 0% used [0x00000007aad00000,0x00000007aad00000,0x00000007aae80000)
 ParOldGen       total 138752K, used 101558K [0x0000000700000000, 0x0000000708780000, 0x00000007aab00000)
  object space 138752K, 73% used [0x0000000700000000,0x000000070632db88,0x0000000708780000)
 Metaspace       used 82664K, committed 83712K, reserved 1130496K
  class space    used 8455K, committed 8960K, reserved 1048576K
}
Event: 932.939 GC heap before
{Heap before GC invocations=3240 (full 89):
 PSYoungGen      total 3584K, used 2047K [0x00000007aab00000, 0x00000007ab000000, 0x0000000800000000)
  eden space 2048K, 99% used [0x00000007aab00000,0x00000007aacffff8,0x00000007aad00000)
  from space 1536K, 0% used [0x00000007aae80000,0x00000007aae80000,0x00000007ab000000)
  to   space 1536K, 0% used [0x00000007aad00000,0x00000007aad00000,0x00000007aae80000)
 ParOldGen       total 138752K, used 101558K [0x0000000700000000, 0x0000000708780000, 0x00000007aab00000)
  object space 138752K, 73% used [0x0000000700000000,0x000000070632db88,0x0000000708780000)
 Metaspace       used 82674K, committed 83776K, reserved 1130496K
  class space    used 8456K, committed 8960K, reserved 1048576K
}
Event: 932.941 GC heap after
{Heap after GC invocations=3240 (full 89):
 PSYoungGen      total 3584K, used 1017K [0x00000007aab00000, 0x00000007ab080000, 0x0000000800000000)
  eden space 2048K, 0% used [0x00000007aab00000,0x00000007aab00000,0x00000007aad00000)
  from space 1536K, 66% used [0x00000007aad00000,0x00000007aadfe608,0x00000007aae80000)
  to   space 1536K, 0% used [0x00000007aaf00000,0x00000007aaf00000,0x00000007ab080000)
 ParOldGen       total 138752K, used 101558K [0x0000000700000000, 0x0000000708780000, 0x00000007aab00000)
  object space 138752K, 73% used [0x0000000700000000,0x000000070632db88,0x0000000708780000)
 Metaspace       used 82674K, committed 83776K, reserved 1130496K
  class space    used 8456K, committed 8960K, reserved 1048576K
}
Event: 932.953 GC heap before
{Heap before GC invocations=3241 (full 89):
 PSYoungGen      total 3584K, used 3065K [0x00000007aab00000, 0x00000007ab080000, 0x0000000800000000)
  eden space 2048K, 99% used [0x00000007aab00000,0x00000007aacffff0,0x00000007aad00000)
  from space 1536K, 66% used [0x00000007aad00000,0x00000007aadfe608,0x00000007aae80000)
  to   space 1536K, 0% used [0x00000007aaf00000,0x00000007aaf00000,0x00000007ab080000)
 ParOldGen       total 138752K, used 101558K [0x0000000700000000, 0x0000000708780000, 0x00000007aab00000)
  object space 138752K, 73% used [0x0000000700000000,0x000000070632db88,0x0000000708780000)
 Metaspace       used 82674K, committed 83776K, reserved 1130496K
  class space    used 8456K, committed 8960K, reserved 1048576K
}
Event: 932.955 GC heap after
{Heap after GC invocations=3241 (full 89):
 PSYoungGen      total 3584K, used 697K [0x00000007aab00000, 0x00000007ab000000, 0x0000000800000000)
  eden space 2560K, 0% used [0x00000007aab00000,0x00000007aab00000,0x00000007aad80000)
  from space 1024K, 68% used [0x00000007aaf00000,0x00000007aafae450,0x00000007ab000000)
  to   space 1024K, 0% used [0x00000007aae00000,0x00000007aae00000,0x00000007aaf00000)
 ParOldGen       total 138752K, used 102535K [0x0000000700000000, 0x0000000708780000, 0x00000007aab00000)
  object space 138752K, 73% used [0x0000000700000000,0x0000000706421d50,0x0000000708780000)
 Metaspace       used 82674K, committed 83776K, reserved 1130496K
  class space    used 8456K, committed 8960K, reserved 1048576K
}
Event: 932.968 GC heap before
{Heap before GC invocations=3242 (full 89):
 PSYoungGen      total 3584K, used 3257K [0x00000007aab00000, 0x00000007ab000000, 0x0000000800000000)
  eden space 2560K, 100% used [0x00000007aab00000,0x00000007aad80000,0x00000007aad80000)
  from space 1024K, 68% used [0x00000007aaf00000,0x00000007aafae450,0x00000007ab000000)
  to   space 1024K, 0% used [0x00000007aae00000,0x00000007aae00000,0x00000007aaf00000)
 ParOldGen       total 138752K, used 102535K [0x0000000700000000, 0x0000000708780000, 0x00000007aab00000)
  object space 138752K, 73% used [0x0000000700000000,0x0000000706421d50,0x0000000708780000)
 Metaspace       used 82674K, committed 83776K, reserved 1130496K
  class space    used 8456K, committed 8960K, reserved 1048576K
}
Event: 932.970 GC heap after
{Heap after GC invocations=3242 (full 89):
 PSYoungGen      total 4096K, used 832K [0x00000007aab00000, 0x00000007ab000000, 0x0000000800000000)
  eden space 3072K, 0% used [0x00000007aab00000,0x00000007aab00000,0x00000007aae00000)
  from space 1024K, 81% used [0x00000007aae00000,0x00000007aaed0000,0x00000007aaf00000)
  to   space 1024K, 0% used [0x00000007aaf00000,0x00000007aaf00000,0x00000007ab000000)
 ParOldGen       total 138752K, used 103188K [0x0000000700000000, 0x0000000708780000, 0x00000007aab00000)
  object space 138752K, 74% used [0x0000000700000000,0x00000007064c50e0,0x0000000708780000)
 Metaspace       used 82674K, committed 83776K, reserved 1130496K
  class space    used 8456K, committed 8960K, reserved 1048576K
}
Event: 932.989 GC heap before
{Heap before GC invocations=3243 (full 89):
 PSYoungGen      total 4096K, used 3903K [0x00000007aab00000, 0x00000007ab000000, 0x0000000800000000)
  eden space 3072K, 99% used [0x00000007aab00000,0x00000007aadffef8,0x00000007aae00000)
  from space 1024K, 81% used [0x00000007aae00000,0x00000007aaed0000,0x00000007aaf00000)
  to   space 1024K, 0% used [0x00000007aaf00000,0x00000007aaf00000,0x00000007ab000000)
 ParOldGen       total 138752K, used 103188K [0x0000000700000000, 0x0000000708780000, 0x00000007aab00000)
  object space 138752K, 74% used [0x0000000700000000,0x00000007064c50e0,0x0000000708780000)
 Metaspace       used 82676K, committed 83776K, reserved 1130496K
  class space    used 8456K, committed 8960K, reserved 1048576K
}
Event: 932.991 GC heap after
{Heap after GC invocations=3243 (full 89):
 PSYoungGen      total 4096K, used 971K [0x00000007aab00000, 0x00000007ab100000, 0x0000000800000000)
  eden space 3072K, 0% used [0x00000007aab00000,0x00000007aab00000,0x00000007aae00000)
  from space 1024K, 94% used [0x00000007aaf00000,0x00000007aaff2e18,0x00000007ab000000)
  to   space 1024K, 0% used [0x00000007aae00000,0x00000007aae00000,0x00000007aaf00000)
 ParOldGen       total 138752K, used 103950K [0x0000000700000000, 0x0000000708780000, 0x00000007aab00000)
  object space 138752K, 74% used [0x0000000700000000,0x0000000706583a58,0x0000000708780000)
 Metaspace       used 82676K, committed 83776K, reserved 1130496K
  class space    used 8456K, committed 8960K, reserved 1048576K
}

