# JRE version: OpenJDK Runtime Environment Temurin-17.0.1+12 (17.0.1+12) (build 17.0.1+12)
# Java VM: OpenJDK 64-Bit Server VM Temurin-17.0.1+12 (17.0.1+12, mixed mode, tiered, compressed oops, compressed class ptrs, parallel gc, linux-amd64)
GC Precious Log:
 CPUs: 4 total, 4 available
 Memory: 7865M
 Large Page Support: Disabled
 NUMA Support: Disabled
 Compressed Oops: Enabled (Zero based)
 Alignments: Space 512K, Generation 512K, Heap 2M
 Heap Min Capacity: 100M
 Heap Initial Capacity: 100M
 Heap Max Capacity: 4G
 Pre-touch: Disabled
 Parallel Workers: 4
Heap:
 PSYoungGen      total 7680K, used 7536K [0x00000007aab00000, 0x00000007ab400000, 0x0000000800000000)
  eden space 6144K, 100% used [0x00000007aab00000,0x00000007ab100000,0x00000007ab100000)
  from space 1536K, 90% used [0x00000007ab100000,0x00000007ab25c010,0x00000007ab280000)
  to   space 1536K, 41% used [0x00000007ab280000,0x00000007ab320000,0x00000007ab400000)
 ParOldGen       total 264192K, used 255869K [0x0000000700000000, 0x0000000710200000, 0x00000007aab00000)
  object space 264192K, 96% used [0x0000000700000000,0x000000070f9df6a0,0x0000000710200000)
 Metaspace       used 89832K, committed 90688K, reserved 1130496K
  class space    used 8877K, committed 9280K, reserved 1048576K
GC Heap History (20 events):
Event: 6609.011 GC heap after
{Heap after GC invocations=13434 (full 402):
 PSYoungGen      total 7168K, used 560K [0x00000007aab00000, 0x00000007ab480000, 0x0000000800000000)
  eden space 6144K, 0% used [0x00000007aab00000,0x00000007aab00000,0x00000007ab100000)
  from space 1024K, 54% used [0x00000007ab380000,0x00000007ab40c010,0x00000007ab480000)
  to   space 1024K, 0% used [0x00000007ab280000,0x00000007ab280000,0x00000007ab380000)
 ParOldGen       total 264192K, used 252385K [0x0000000700000000, 0x0000000710200000, 0x00000007aab00000)
  object space 264192K, 95% used [0x0000000700000000,0x000000070f678740,0x0000000710200000)
 Metaspace       used 89832K, committed 90688K, reserved 1130496K
  class space    used 8877K, committed 9280K, reserved 1048576K
}
Event: 6609.025 GC heap before
{Heap before GC invocations=13435 (full 402):
 PSYoungGen      total 7168K, used 6704K [0x00000007aab00000, 0x00000007ab480000, 0x0000000800000000)
  eden space 6144K, 100% used [0x00000007aab00000,0x00000007ab100000,0x00000007ab100000)
  from space 1024K, 54% used [0x00000007ab380000,0x00000007ab40c010,0x00000007ab480000)
  to   space 1024K, 0% used [0x00000007ab280000,0x00000007ab280000,0x00000007ab380000)
 ParOldGen       total 264192K, used 252385K [0x0000000700000000, 0x0000000710200000, 0x00000007aab00000)
  object space 264192K, 95% used [0x0000000700000000,0x000000070f678740,0x0000000710200000)
 Metaspace       used 89832K, committed 90688K, reserved 1130496K
  class space    used 8877K, committed 9280K, reserved 1048576K
}
Event: 6609.028 GC heap after
{Heap after GC invocations=13435 (full 402):
 PSYoungGen      total 7168K, used 688K [0x00000007aab00000, 0x00000007ab400000, 0x0000000800000000)
  eden space 6144K, 0% used [0x00000007aab00000,0x00000007aab00000,0x00000007ab100000)
  from space 1024K, 67% used [0x00000007ab280000,0x00000007ab32c010,0x00000007ab380000)
  to   space 512K, 0% used [0x00000007ab380000,0x00000007ab380000,0x00000007ab400000)
 ParOldGen       total 264192K, used 252393K [0x0000000700000000, 0x0000000710200000, 0x00000007aab00000)
  object space 264192K, 95% used [0x0000000700000000,0x000000070f67a740,0x0000000710200000)
 Metaspace       used 89832K, committed 90688K, reserved 1130496K
  class space    used 8877K, committed 9280K, reserved 1048576K
}
Event: 6609.040 GC heap before
{Heap before GC invocations=13436 (full 402):
 PSYoungGen      total 7168K, used 6832K [0x00000007aab00000, 0x00000007ab400000, 0x0000000800000000)
  eden space 6144K, 100% used [0x00000007aab00000,0x00000007ab100000,0x00000007ab100000)
  from space 1024K, 67% used [0x00000007ab280000,0x00000007ab32c010,0x00000007ab380000)
  to   space 512K, 0% used [0x00000007ab380000,0x00000007ab380000,0x00000007ab400000)
 ParOldGen       total 264192K, used 252393K [0x0000000700000000, 0x0000000710200000, 0x00000007aab00000)
  object space 264192K, 95% used [0x0000000700000000,0x000000070f67a740,0x0000000710200000)
 Metaspace       used 89832K, committed 90688K, reserved 1130496K
  class space    used 8877K, committed 9280K, reserved 1048576K
}
Event: 6609.041 GC heap after
{Heap after GC invocations=13436 (full 402):
 PSYoungGen      total 6656K, used 496K [0x00000007aab00000, 0x00000007ab400000, 0x0000000800000000)
  eden space 6144K, 0% used [0x00000007aab00000,0x00000007aab00000,0x00000007ab100000)
  from space 512K, 96% used [0x00000007ab380000,0x00000007ab3fc010,0x00000007ab400000)
  to   space 1024K, 0% used [0x00000007ab200000,0x00000007ab200000,0x00000007ab300000)
 ParOldGen       total 264192K, used 252625K [0x0000000700000000, 0x0000000710200000, 0x00000007aab00000)
  object space 264192K, 95% used [0x0000000700000000,0x000000070f6b4740,0x0000000710200000)
 Metaspace       used 89832K, committed 90688K, reserved 1130496K
  class space    used 8877K, committed 9280K, reserved 1048576K
}
Event: 6609.232 GC heap before
{Heap before GC invocations=13437 (full 402):
 PSYoungGen      total 6656K, used 6640K [0x00000007aab00000, 0x00000007ab400000, 0x0000000800000000)
  eden space 6144K, 100% used [0x00000007aab00000,0x00000007ab100000,0x00000007ab100000)
  from space 512K, 96% used [0x00000007ab380000,0x00000007ab3fc010,0x00000007ab400000)
  to   space 1024K, 0% used [0x00000007ab200000,0x00000007ab200000,0x00000007ab300000)
 ParOldGen       total 264192K, used 252625K [0x0000000700000000, 0x0000000710200000, 0x00000007aab00000)
  object space 264192K, 95% used [0x0000000700000000,0x000000070f6b4740,0x0000000710200000)
 Metaspace       used 89832K, committed 90688K, reserved 1130496K
  class space    used 8877K, committed 9280K, reserved 1048576K
}
Event: 6609.235 GC heap after
{Heap after GC invocations=13437 (full 402):
 PSYoungGen      total 7168K, used 448K [0x00000007aab00000, 0x00000007ab400000, 0x0000000800000000)
  eden space 6144K, 0% used [0x00000007aab00000,0x00000007aab00000,0x00000007ab100000)
  from space 1024K, 43% used [0x00000007ab200000,0x00000007ab270000,0x00000007ab300000)
  to   space 1024K, 0% used [0x00000007ab300000,0x00000007ab300000,0x00000007ab400000)
 ParOldGen       total 264192K, used 253120K [0x0000000700000000, 0x0000000710200000, 0x00000007aab00000)
  object space 264192K, 95% used [0x0000000700000000,0x000000070f7303a8,0x0000000710200000)
 Metaspace       used 89832K, committed 90688K, reserved 1130496K
  class space    used 8877K, committed 9280K, reserved 1048576K
}
Event: 6609.743 GC heap before
{Heap before GC invocations=13438 (full 402):
 PSYoungGen      total 7168K, used 6592K [0x00000007aab00000, 0x00000007ab400000, 0x0000000800000000)
  eden space 6144K, 100% used [0x00000007aab00000,0x00000007ab100000,0x00000007ab100000)
  from space 1024K, 43% used [0x00000007ab200000,0x00000007ab270000,0x00000007ab300000)
  to   space 1024K, 0% used [0x00000007ab300000,0x00000007ab300000,0x00000007ab400000)
 ParOldGen       total 264192K, used 253120K [0x0000000700000000, 0x0000000710200000, 0x00000007aab00000)
  object space 264192K, 95% used [0x0000000700000000,0x000000070f7303a8,0x0000000710200000)
 Metaspace       used 89832K, committed 90688K, reserved 1130496K
  class space    used 8877K, committed 9280K, reserved 1048576K
}
Event: 6609.747 GC heap after
{Heap after GC invocations=13438 (full 402):
 PSYoungGen      total 6656K, used 352K [0x00000007aab00000, 0x00000007ab380000, 0x0000000800000000)
  eden space 6144K, 0% used [0x00000007aab00000,0x00000007aab00000,0x00000007ab100000)
  from space 512K, 68% used [0x00000007ab300000,0x00000007ab358000,0x00000007ab380000)
  to   space 512K, 0% used [0x00000007ab280000,0x00000007ab280000,0x00000007ab300000)
 ParOldGen       total 264192K, used 253552K [0x0000000700000000, 0x0000000710200000, 0x00000007aab00000)
  object space 264192K, 95% used [0x0000000700000000,0x000000070f79c3a8,0x0000000710200000)
 Metaspace       used 89832K, committed 90688K, reserved 1130496K
  class space    used 8877K, committed 9280K, reserved 1048576K
}
Event: 6609.951 GC heap before
{Heap before GC invocations=13439 (full 402):
 PSYoungGen      total 6656K, used 6496K [0x00000007aab00000, 0x00000007ab380000, 0x0000000800000000)
  eden space 6144K, 100% used [0x00000007aab00000,0x00000007ab100000,0x00000007ab100000)
  from space 512K, 68% used [0x00000007ab300000,0x00000007ab358000,0x00000007ab380000)
  to   space 512K, 0% used [0x00000007ab280000,0x00000007ab280000,0x00000007ab300000)
 ParOldGen       total 264192K, used 253552K [0x0000000700000000, 0x0000000710200000, 0x00000007aab00000)
  object space 264192K, 95% used [0x0000000700000000,0x000000070f79c3a8,0x0000000710200000)
 Metaspace       used 89832K, committed 90688K, reserved 1130496K
  class space    used 8877K, committed 9280K, reserved 1048576K
}
Event: 6609.954 GC heap after
{Heap after GC invocations=13439 (full 402):
 PSYoungGen      total 6656K, used 144K [0x00000007aab00000, 0x00000007ab380000, 0x0000000800000000)
  eden space 6144K, 0% used [0x00000007aab00000,0x00000007aab00000,0x00000007ab100000)
  from space 512K, 28% used [0x00000007ab280000,0x00000007ab2a4010,0x00000007ab300000)
  to   space 512K, 0% used [0x00000007ab300000,0x00000007ab300000,0x00000007ab380000)
 ParOldGen       total 264192K, used 253592K [0x0000000700000000, 0x0000000710200000, 0x00000007aab00000)
  object space 264192K, 95% used [0x0000000700000000,0x000000070f7a63a8,0x0000000710200000)
 Metaspace       used 89832K, committed 90688K, reserved 1130496K
  class space    used 8877K, committed 9280K, reserved 1048576K
}
Event: 6609.985 GC heap before
{Heap before GC invocations=13440 (full 402):
 PSYoungGen      total 6656K, used 6288K [0x00000007aab00000, 0x00000007ab380000, 0x0000000800000000)
  eden space 6144K, 100% used [0x00000007aab00000,0x00000007ab100000,0x00000007ab100000)
  from space 512K, 28% used [0x00000007ab280000,0x00000007ab2a4010,0x00000007ab300000)
  to   space 512K, 0% used [0x00000007ab300000,0x00000007ab300000,0x00000007ab380000)
 ParOldGen       total 264192K, used 253592K [0x0000000700000000, 0x0000000710200000, 0x00000007aab00000)
  object space 264192K, 95% used [0x0000000700000000,0x000000070f7a63a8,0x0000000710200000)
 Metaspace       used 89832K, committed 90688K, reserved 1130496K
  class space    used 8877K, committed 9280K, reserved 1048576K
}
Event: 6609.986 GC heap after
{Heap after GC invocations=13440 (full 402):
 PSYoungGen      total 6656K, used 400K [0x00000007aab00000, 0x00000007ab380000, 0x0000000800000000)
  eden space 6144K, 0% used [0x00000007aab00000,0x00000007aab00000,0x00000007ab100000)
  from space 512K, 78% used [0x00000007ab300000,0x00000007ab364010,0x00000007ab380000)
  to   space 512K, 0% used [0x00000007ab280000,0x00000007ab280000,0x00000007ab300000)
 ParOldGen       total 264192K, used 253632K [0x0000000700000000, 0x0000000710200000, 0x00000007aab00000)
  object space 264192K, 96% used [0x0000000700000000,0x000000070f7b03a8,0x0000000710200000)
 Metaspace       used 89832K, committed 90688K, reserved 1130496K
  class space    used 8877K, committed 9280K, reserved 1048576K
}
Event: 6610.000 GC heap before
{Heap before GC invocations=13441 (full 402):
 PSYoungGen      total 6656K, used 6544K [0x00000007aab00000, 0x00000007ab380000, 0x0000000800000000)
  eden space 6144K, 100% used [0x00000007aab00000,0x00000007ab100000,0x00000007ab100000)
  from space 512K, 78% used [0x00000007ab300000,0x00000007ab364010,0x00000007ab380000)
  to   space 512K, 0% used [0x00000007ab280000,0x00000007ab280000,0x00000007ab300000)
 ParOldGen       total 264192K, used 253632K [0x0000000700000000, 0x0000000710200000, 0x00000007aab00000)
  object space 264192K, 96% used [0x0000000700000000,0x000000070f7b03a8,0x0000000710200000)
 Metaspace       used 89832K, committed 90688K, reserved 1130496K
  class space    used 8877K, committed 9280K, reserved 1048576K
}
Event: 6610.001 GC heap after
{Heap after GC invocations=13441 (full 402):
 PSYoungGen      total 6656K, used 512K [0x00000007aab00000, 0x00000007ab380000, 0x0000000800000000)
  eden space 6144K, 0% used [0x00000007aab00000,0x00000007aab00000,0x00000007ab100000)
  from space 512K, 100% used [0x00000007ab280000,0x00000007ab300000,0x00000007ab300000)
  to   space 512K, 0% used [0x00000007ab300000,0x00000007ab300000,0x00000007ab380000)
 ParOldGen       total 264192K, used 253912K [0x0000000700000000, 0x0000000710200000, 0x00000007aab00000)
  object space 264192K, 96% used [0x0000000700000000,0x000000070f7f63a8,0x0000000710200000)
 Metaspace       used 89832K, committed 90688K, reserved 1130496K
  class space    used 8877K, committed 9280K, reserved 1048576K
}
Event: 6610.017 GC heap before
{Heap before GC invocations=13442 (full 402):
 PSYoungGen      total 6656K, used 6656K [0x00000007aab00000, 0x00000007ab380000, 0x0000000800000000)
  eden space 6144K, 100% used [0x00000007aab00000,0x00000007ab100000,0x00000007ab100000)
  from space 512K, 100% used [0x00000007ab280000,0x00000007ab300000,0x00000007ab300000)
  to   space 512K, 0% used [0x00000007ab300000,0x00000007ab300000,0x00000007ab380000)
 ParOldGen       total 264192K, used 253912K [0x0000000700000000, 0x0000000710200000, 0x00000007aab00000)
  object space 264192K, 96% used [0x0000000700000000,0x000000070f7f63a8,0x0000000710200000)
 Metaspace       used 89832K, committed 90688K, reserved 1130496K
  class space    used 8877K, committed 9280K, reserved 1048576K
}
Event: 6610.019 GC heap after
{Heap after GC invocations=13442 (full 402):
 PSYoungGen      total 6656K, used 496K [0x00000007aab00000, 0x00000007ab400000, 0x0000000800000000)
  eden space 6144K, 0% used [0x00000007aab00000,0x00000007aab00000,0x00000007ab100000)
  from space 512K, 96% used [0x00000007ab300000,0x00000007ab37c010,0x00000007ab380000)
  to   space 1536K, 0% used [0x00000007ab100000,0x00000007ab100000,0x00000007ab280000)
 ParOldGen       total 264192K, used 254424K [0x0000000700000000, 0x0000000710200000, 0x00000007aab00000)
  object space 264192K, 96% used [0x0000000700000000,0x000000070f876320,0x0000000710200000)
 Metaspace       used 89832K, committed 90688K, reserved 1130496K
  class space    used 8877K, committed 9280K, reserved 1048576K
}
Event: 6610.036 GC heap before
{Heap before GC invocations=13443 (full 402):
 PSYoungGen      total 6656K, used 6640K [0x00000007aab00000, 0x00000007ab400000, 0x0000000800000000)
  eden space 6144K, 100% used [0x00000007aab00000,0x00000007ab100000,0x00000007ab100000)
  from space 512K, 96% used [0x00000007ab300000,0x00000007ab37c010,0x00000007ab380000)
  to   space 1536K, 0% used [0x00000007ab100000,0x00000007ab100000,0x00000007ab280000)
 ParOldGen       total 264192K, used 254424K [0x0000000700000000, 0x0000000710200000, 0x00000007aab00000)
  object space 264192K, 96% used [0x0000000700000000,0x000000070f876320,0x0000000710200000)
 Metaspace       used 89832K, committed 90688K, reserved 1130496K
  class space    used 8877K, committed 9280K, reserved 1048576K
}
Event: 6610.037 GC heap after
{Heap after GC invocations=13443 (full 402):
 PSYoungGen      total 7680K, used 1392K [0x00000007aab00000, 0x00000007ab400000, 0x0000000800000000)
  eden space 6144K, 0% used [0x00000007aab00000,0x00000007aab00000,0x00000007ab100000)
  from space 1536K, 90% used [0x00000007ab100000,0x00000007ab25c010,0x00000007ab280000)
  to   space 1536K, 0% used [0x00000007ab280000,0x00000007ab280000,0x00000007ab400000)
 ParOldGen       total 264192K, used 254895K [0x0000000700000000, 0x0000000710200000, 0x00000007aab00000)
  object space 264192K, 96% used [0x0000000700000000,0x000000070f8ebf10,0x0000000710200000)
 Metaspace       used 89832K, committed 90688K, reserved 1130496K
  class space    used 8877K, committed 9280K, reserved 1048576K
}
Event: 6610.054 GC heap before
{Heap before GC invocations=13444 (full 402):
 PSYoungGen      total 7680K, used 7536K [0x00000007aab00000, 0x00000007ab400000, 0x0000000800000000)
  eden space 6144K, 100% used [0x00000007aab00000,0x00000007ab100000,0x00000007ab100000)
  from space 1536K, 90% used [0x00000007ab100000,0x00000007ab25c010,0x00000007ab280000)
  to   space 1536K, 0% used [0x00000007ab280000,0x00000007ab280000,0x00000007ab400000)
 ParOldGen       total 264192K, used 254895K [0x0000000700000000, 0x0000000710200000, 0x00000007aab00000)
  object space 264192K, 96% used [0x0000000700000000,0x000000070f8ebf10,0x0000000710200000)
 Metaspace       used 89832K, committed 90688K, reserved 1130496K
  class space    used 8877K, committed 9280K, reserved 1048576K
}

